<?xml version="1.0" encoding="UTF-8"?>
<testsuite name="lab0.Var12Test" tests="2" skipped="0" failures="0" errors="0" timestamp="2022-11-27T17:33:21" hostname="DESKTOP-KQTI0ID" time="0.022">
  <properties/>
  <testcase name="task8[0]([[I@6c284af, [[I@5890e879)" classname="lab0.Var12Test" time="0.018"/>
  <testcase name="task8[1]([[I@7ae0a9ec, [[I@35841320)" classname="lab0.Var12Test" time="0.001"/>
  <system-out><![CDATA[]]></system-out>
  <system-err><![CDATA[]]></system-err>
</testsuite>
